<?xml version="1.0" encoding="UTF-8"?>
<!-- Generated by org.testng.reporters.JUnitReportReporter -->
<testsuite hostname="DESKTOP-V1HFTJ3" failures="0" tests="1" name="com.testclass.LoginTest" time="10.703" errors="0" timestamp="2022-06-16T20:52:25 IST" skipped="0">
  <testcase classname="com.testclass.LoginTest" name="login" time="10.703"/>
  <system-out/>
</testsuite> <!-- com.testclass.LoginTest -->
