<?xml version="1.0" encoding="UTF-8"?>
<!-- Generated by org.testng.reporters.JUnitReportReporter -->
<testsuite hostname="DESKTOP-V1HFTJ3" failures="0" tests="1" name="com.base.Base" time="15.008" errors="0" timestamp="2022-06-16T20:00:17 IST" skipped="0">
  <testcase classname="com.base.Base" name="ParrelelExecution" time="15.008"/>
  <system-out/>
</testsuite> <!-- com.base.Base -->
